-------------------------------------------------------------------------------
Test set: TestSuite
-------------------------------------------------------------------------------
Tests run: 2, Failures: 1, Errors: 0, Skipped: 0, Time elapsed: 93.115 sec <<< FAILURE! - in TestSuite
feature(com.cucumberFramework.testRunner.TestRunner1)  Time elapsed: 52.063 sec  <<< FAILURE!
cucumber.runtime.CucumberException: junit.framework.AssertionFailedError: Unable to wait and click on the WebElement, using locator: <[[ChromeDriver: chrome on XP (aec80868b6648f416a1686bc6740df13)] -> xpath: (//div[@class='_label'])[2]]>
	at com.cucumberFramework.testRunner.TestRunner1.feature(TestRunner1.java:27)
Caused by: junit.framework.AssertionFailedError: Unable to wait and click on the WebElement, using locator: <[[ChromeDriver: chrome on XP (aec80868b6648f416a1686bc6740df13)] -> xpath: (//div[@class='_label'])[2]]>

